INFO:     Will watch for changes in these directories: ['/home/green/Desktop/cm/cloudmesh-catalog']
ERROR:    [Errno 98] Address already in use
INFO:     Will watch for changes in these directories: ['/home/green/Desktop/cm/cloudmesh-catalog']
INFO:     Uvicorn running on http://127.0.0.1:8001 (Press CTRL+C to quit)
INFO:     Started reloader process [21994] using statreload
INFO:     Started server process [21996]
INFO:     Waiting for application startup.
INFO:     Application startup complete.
WARNING:  StatReload detected file change in 'cloudmesh/catalog/manager.py'. Reloading...
INFO:     Shutting down
INFO:     Waiting for application shutdown.
INFO:     Application shutdown complete.
INFO:     Finished server process [21996]
INFO:     Started server process [22026]
INFO:     Waiting for application startup.
INFO:     Application startup complete.
INFO:     Will watch for changes in these directories: ['/home/green/Desktop/cm/cloudmesh-catalog']
ERROR:    [Errno 98] Address already in use
WARNING:  StatReload detected file change in 'cloudmesh/catalog/manager.py'. Reloading...
INFO:     Shutting down
INFO:     Waiting for application shutdown.
INFO:     Application shutdown complete.
INFO:     Finished server process [22026]
INFO:     Started server process [22062]
INFO:     Waiting for application startup.
INFO:     Application startup complete.
INFO:     Will watch for changes in these directories: ['/home/green/Desktop/cm/cloudmesh-catalog']
ERROR:    [Errno 98] Address already in use
WARNING:  StatReload detected file change in 'cloudmesh/catalog/manager.py'. Reloading...
INFO:     Shutting down
INFO:     Waiting for application shutdown.
INFO:     Application shutdown complete.
INFO:     Finished server process [22062]
INFO:     Started server process [22108]
INFO:     Waiting for application startup.
INFO:     Application startup complete.
INFO:     Will watch for changes in these directories: ['/home/green/Desktop/cm/cloudmesh-catalog']
ERROR:    [Errno 98] Address already in use
WARNING:  StatReload detected file change in 'cloudmesh/catalog/manager.py'. Reloading...
INFO:     Shutting down
INFO:     Waiting for application shutdown.
INFO:     Application shutdown complete.
INFO:     Finished server process [22108]
INFO:     Started server process [22120]
INFO:     Waiting for application startup.
INFO:     Application startup complete.
INFO:     Will watch for changes in these directories: ['/home/green/Desktop/cm/cloudmesh-catalog']
ERROR:    [Errno 98] Address already in use
WARNING:  StatReload detected file change in 'cloudmesh/catalog/manager.py'. Reloading...
INFO:     Shutting down
INFO:     Waiting for application shutdown.
INFO:     Application shutdown complete.
INFO:     Finished server process [22120]
INFO:     Started server process [22168]
INFO:     Waiting for application startup.
INFO:     Application startup complete.
WARNING:  StatReload detected file change in 'cloudmesh/catalog/manager.py'. Reloading...
INFO:     Shutting down
INFO:     Waiting for application shutdown.
INFO:     Application shutdown complete.
INFO:     Finished server process [22168]
INFO:     Started server process [22178]
INFO:     Waiting for application startup.
INFO:     Application startup complete.
WARNING:  StatReload detected file change in 'cloudmesh/catalog/manager.py'. Reloading...
INFO:     Shutting down
INFO:     Waiting for application shutdown.
INFO:     Application shutdown complete.
INFO:     Finished server process [22178]
INFO:     Started server process [22201]
INFO:     Waiting for application startup.
INFO:     Application startup complete.
INFO:     Shutting down
INFO:     Waiting for application shutdown.
INFO:     Application shutdown complete.
INFO:     Finished server process [22201]
INFO:     Stopping reloader process [21994]
INFO:     Will watch for changes in these directories: ['/home/green/Desktop/cm/cloudmesh-catalog']
INFO:     Uvicorn running on http://127.0.0.1:8001 (Press CTRL+C to quit)
INFO:     Started reloader process [22245] using statreload
INFO:     Started server process [22247]
INFO:     Waiting for application startup.
INFO:     Application startup complete.
INFO:     Shutting down
INFO:     Waiting for application shutdown.
INFO:     Application shutdown complete.
INFO:     Finished server process [22247]
INFO:     Stopping reloader process [22245]
INFO:     Will watch for changes in these directories: ['/home/green/Desktop/cm/cloudmesh-catalog']
INFO:     Uvicorn running on http://127.0.0.1:8001 (Press CTRL+C to quit)
INFO:     Started reloader process [22256] using statreload
INFO:     Started server process [22258]
INFO:     Waiting for application startup.
INFO:     Application startup complete.
WARNING:  StatReload detected file change in 'cloudmesh/catalog/manager.py'. Reloading...
INFO:     Shutting down
INFO:     Waiting for application shutdown.
INFO:     Application shutdown complete.
INFO:     Finished server process [22258]
INFO:     Started server process [22372]
INFO:     Waiting for application startup.
INFO:     Application startup complete.
INFO:     Shutting down
INFO:     Waiting for application shutdown.
INFO:     Application shutdown complete.
INFO:     Finished server process [22372]
INFO:     Stopping reloader process [22256]
INFO:     Will watch for changes in these directories: ['/home/green/Desktop/cm/cloudmesh-catalog']
INFO:     Uvicorn running on http://127.0.0.1:8001 (Press CTRL+C to quit)
INFO:     Started reloader process [24864] using statreload
INFO:     Started server process [24866]
INFO:     Waiting for application startup.
INFO:     Application startup complete.
WARNING:  StatReload detected file change in 'cloudmesh/catalog/manager.py'. Reloading...
INFO:     Shutting down
INFO:     Waiting for application shutdown.
INFO:     Application shutdown complete.
INFO:     Finished server process [24866]
INFO:     Started server process [24892]
INFO:     Waiting for application startup.
INFO:     Application startup complete.
INFO:     Shutting down
INFO:     Waiting for application shutdown.
INFO:     Application shutdown complete.
INFO:     Finished server process [24892]
WARNING:  StatReload detected file change in 'cloudmesh/catalog/manager.py'. Reloading...
INFO:     Started server process [24929]
INFO:     Waiting for application startup.
INFO:     Application startup complete.
INFO:     Shutting down
INFO:     Waiting for application shutdown.
INFO:     Application shutdown complete.
INFO:     Finished server process [24929]
INFO:     Will watch for changes in these directories: ['/home/green/Desktop/cm/cloudmesh-catalog']
ERROR:    [Errno 98] Address already in use
INFO:     Will watch for changes in these directories: ['/home/green/Desktop/cm/cloudmesh-catalog']
ERROR:    [Errno 98] Address already in use
WARNING:  StatReload detected file change in 'cloudmesh/catalog/manager.py'. Reloading...
INFO:     Started server process [25462]
INFO:     Waiting for application startup.
INFO:     Application startup complete.
INFO:     127.0.0.1:59512 - "GET / HTTP/1.1" 200 OK
INFO:     127.0.0.1:59514 - "GET / HTTP/1.1" 200 OK
INFO:     Shutting down
INFO:     Waiting for application shutdown.
INFO:     Application shutdown complete.
INFO:     Finished server process [25462]
WARNING:  StatReload detected file change in 'cloudmesh/catalog/manager.py'. Reloading...
INFO:     Started server process [25660]
INFO:     Waiting for application startup.
INFO:     Application startup complete.
INFO:     Shutting down
INFO:     Waiting for application shutdown.
INFO:     Application shutdown complete.
INFO:     Finished server process [25660]
WARNING:  StatReload detected file change in 'cloudmesh/catalog/manager.py'. Reloading...
INFO:     Started server process [25688]
INFO:     Waiting for application startup.
INFO:     Application startup complete.
WARNING:  StatReload detected file change in 'cloudmesh/catalog/manager.py'. Reloading...
INFO:     Shutting down
INFO:     Waiting for application shutdown.
INFO:     Application shutdown complete.
INFO:     Finished server process [25688]
INFO:     Started server process [25708]
INFO:     Waiting for application startup.
INFO:     Application startup complete.
WARNING:  StatReload detected file change in 'cloudmesh/catalog/manager.py'. Reloading...
INFO:     Shutting down
INFO:     Waiting for application shutdown.
INFO:     Application shutdown complete.
INFO:     Finished server process [25708]
INFO:     Started server process [25719]
INFO:     Waiting for application startup.
INFO:     Application startup complete.
WARNING:  StatReload detected file change in 'cloudmesh/catalog/manager.py'. Reloading...
INFO:     Shutting down
INFO:     Waiting for application shutdown.
INFO:     Application shutdown complete.
INFO:     Finished server process [25719]
INFO:     Started server process [25735]
INFO:     Waiting for application startup.
INFO:     Application startup complete.
WARNING:  StatReload detected file change in 'cloudmesh/catalog/manager.py'. Reloading...
INFO:     Shutting down
INFO:     Waiting for application shutdown.
INFO:     Application shutdown complete.
INFO:     Finished server process [25735]
INFO:     Started server process [25747]
INFO:     Waiting for application startup.
INFO:     Application startup complete.
WARNING:  StatReload detected file change in 'cloudmesh/catalog/manager.py'. Reloading...
INFO:     Shutting down
INFO:     Waiting for application shutdown.
INFO:     Application shutdown complete.
INFO:     Finished server process [25747]
INFO:     Started server process [25770]
INFO:     Waiting for application startup.
INFO:     Application startup complete.
WARNING:  StatReload detected file change in 'cloudmesh/catalog/manager.py'. Reloading...
INFO:     Shutting down
INFO:     Waiting for application shutdown.
INFO:     Application shutdown complete.
INFO:     Finished server process [25770]
INFO:     Started server process [25832]
INFO:     Waiting for application startup.
INFO:     Application startup complete.
WARNING:  StatReload detected file change in 'cloudmesh/catalog/manager.py'. Reloading...
INFO:     Shutting down
INFO:     Waiting for application shutdown.
INFO:     Application shutdown complete.
INFO:     Finished server process [25832]
INFO:     Started server process [25842]
INFO:     Waiting for application startup.
INFO:     Application startup complete.
WARNING:  StatReload detected file change in 'cloudmesh/catalog/manager.py'. Reloading...
INFO:     Shutting down
INFO:     Waiting for application shutdown.
INFO:     Application shutdown complete.
INFO:     Finished server process [25842]
INFO:     Started server process [25853]
INFO:     Waiting for application startup.
INFO:     Application startup complete.
WARNING:  StatReload detected file change in 'cloudmesh/catalog/manager.py'. Reloading...
INFO:     Shutting down
INFO:     Waiting for application shutdown.
INFO:     Application shutdown complete.
INFO:     Finished server process [25853]
INFO:     Started server process [25914]
INFO:     Waiting for application startup.
INFO:     Application startup complete.
WARNING:  StatReload detected file change in 'cloudmesh/catalog/command/catalog.py'. Reloading...
INFO:     Shutting down
INFO:     Waiting for application shutdown.
INFO:     Application shutdown complete.
INFO:     Finished server process [25914]
INFO:     Started server process [25936]
INFO:     Waiting for application startup.
INFO:     Application startup complete.
WARNING:  StatReload detected file change in 'cloudmesh/catalog/manager.py'. Reloading...
INFO:     Shutting down
INFO:     Waiting for application shutdown.
INFO:     Application shutdown complete.
INFO:     Finished server process [25936]
INFO:     Started server process [25951]
INFO:     Waiting for application startup.
INFO:     Application startup complete.
WARNING:  StatReload detected file change in 'cloudmesh/catalog/manager.py'. Reloading...
INFO:     Shutting down
INFO:     Waiting for application shutdown.
INFO:     Application shutdown complete.
INFO:     Finished server process [25951]
INFO:     Started server process [25960]
INFO:     Waiting for application startup.
INFO:     Application startup complete.
WARNING:  StatReload detected file change in 'cloudmesh/catalog/manager.py'. Reloading...
INFO:     Shutting down
INFO:     Waiting for application shutdown.
INFO:     Application shutdown complete.
INFO:     Finished server process [25960]
INFO:     Started server process [25966]
INFO:     Waiting for application startup.
INFO:     Application startup complete.
INFO:     Shutting down
INFO:     Waiting for application shutdown.
INFO:     Application shutdown complete.
INFO:     Finished server process [25966]
INFO:     Stopping reloader process [24864]
